2020-04-26 05:29:07.300303: W tensorflow/stream_executor/platform/default/dso_loader.cc:55] Could not load dynamic library 'libnvinfer.so.6'; dlerror: libnvinfer.so.6: cannot open shared object file: No such file or directory
2020-04-26 05:29:07.300483: W tensorflow/stream_executor/platform/default/dso_loader.cc:55] Could not load dynamic library 'libnvinfer_plugin.so.6'; dlerror: libnvinfer_plugin.so.6: cannot open shared object file: No such file or directory
2020-04-26 05:29:07.300508: W tensorflow/compiler/tf2tensorrt/utils/py_utils.cc:30] Cannot dlopen some TensorRT libraries. If you would like to use Nvidia GPU with TensorRT, please make sure the missing libraries mentioned above are installed properly.
2020-04-26 05:29:09.395752: W tensorflow/stream_executor/platform/default/dso_loader.cc:55] Could not load dynamic library 'libcuda.so.1'; dlerror: libcuda.so.1: cannot open shared object file: No such file or directory
2020-04-26 05:29:09.395837: E tensorflow/stream_executor/cuda/cuda_driver.cc:351] failed call to cuInit: UNKNOWN ERROR (303)
2020-04-26 05:29:09.395891: I tensorflow/stream_executor/cuda/cuda_diagnostics.cc:156] kernel driver does not appear to be running on this host (cs-6000-devshell-vm-2c249156-60a9-4181-afb9-b94a0352e184): /proc/driver/nvidia/version does not exist
2020-04-26 05:29:09.396650: I tensorflow/core/platform/cpu_feature_guard.cc:142] Your CPU supports instructions that this TensorFlow binary was not compiled to use: AVX2 FMA
2020-04-26 05:29:09.406828: I tensorflow/core/platform/profile_utils/cpu_utils.cc:94] CPU Frequency: 2300000000 Hz
2020-04-26 05:29:09.407183: I tensorflow/compiler/xla/service/service.cc:168] XLA service 0x55ba161196c0 initialized for platform Host (this does not guarantee that XLA will be used). Devices:
2020-04-26 05:29:09.407216: I tensorflow/compiler/xla/service/service.cc:176]   StreamExecutor device (0): Host, Default Version
(50, 1)
(25, 1)
(50, 1)
[  -62.95648013  1915.47966716  2561.61885121  2888.52009549
  3542.67658386  4728.64988443  5639.61667763  6554.23457784
  7554.68730994  8669.45966013  9898.30404138 10823.18590089
 11710.09935769 12513.25169517 12728.20947031 12616.99093585
 12543.17791647 12820.76171812 13365.67361014 13711.51874024
 13771.37812714 13840.94205785 14072.88287112 14406.55382644
 14830.24664261]
Epoch 1/175

50/50 [==============================] - 0s 3ms/step - loss: 214623296.0000
Epoch 2/175

50/50 [==============================] - 0s 118us/step - loss: 214543456.0000
Epoch 3/175

50/50 [==============================] - 0s 135us/step - loss: 214438240.0000
Epoch 4/175

50/50 [==============================] - 0s 84us/step - loss: 214296000.0000
Epoch 5/175

50/50 [==============================] - 0s 81us/step - loss: 214096288.0000
Epoch 6/175

50/50 [==============================] - 0s 102us/step - loss: 213851440.0000
Epoch 7/175

50/50 [==============================] - 0s 115us/step - loss: 213539792.0000
Epoch 8/175

50/50 [==============================] - 0s 108us/step - loss: 213173984.0000
Epoch 9/175

50/50 [==============================] - 0s 77us/step - loss: 212734304.0000
Epoch 10/175

50/50 [==============================] - 0s 96us/step - loss: 212270736.0000
Epoch 11/175

50/50 [==============================] - 0s 78us/step - loss: 211701440.0000
Epoch 12/175

50/50 [==============================] - 0s 74us/step - loss: 211068560.0000
Epoch 13/175

50/50 [==============================] - 0s 74us/step - loss: 210384880.0000
Epoch 14/175

50/50 [==============================] - 0s 66us/step - loss: 209620768.0000
Epoch 15/175

50/50 [==============================] - 0s 73us/step - loss: 208752784.0000
Epoch 16/175

50/50 [==============================] - 0s 65us/step - loss: 207861408.0000
Epoch 17/175

50/50 [==============================] - 0s 75us/step - loss: 206864912.0000
Epoch 18/175

50/50 [==============================] - 0s 132us/step - loss: 205815536.0000
Epoch 19/175

50/50 [==============================] - 0s 133us/step - loss: 204651008.0000
Epoch 20/175

50/50 [==============================] - 0s 130us/step - loss: 203463696.0000
Epoch 21/175

50/50 [==============================] - 0s 126us/step - loss: 202267440.0000
Epoch 22/175

50/50 [==============================] - 0s 132us/step - loss: 200738224.0000
Epoch 23/175

50/50 [==============================] - 0s 138us/step - loss: 199384880.0000
Epoch 24/175

50/50 [==============================] - 0s 138us/step - loss: 197788592.0000
Epoch 25/175

50/50 [==============================] - 0s 141us/step - loss: 196100736.0000
Epoch 26/175

50/50 [==============================] - 0s 160us/step - loss: 194353888.0000
Epoch 27/175

50/50 [==============================] - 0s 160us/step - loss: 192568256.0000
Epoch 28/175

50/50 [==============================] - 0s 187us/step - loss: 190720144.0000
Epoch 29/175

50/50 [==============================] - 0s 166us/step - loss: 188457248.0000
Epoch 30/175

50/50 [==============================] - 0s 160us/step - loss: 186871456.0000
Epoch 31/175

50/50 [==============================] - 0s 157us/step - loss: 184262384.0000
Epoch 32/175

50/50 [==============================] - 0s 159us/step - loss: 182254752.0000
Epoch 33/175

50/50 [==============================] - 0s 162us/step - loss: 179601680.0000
Epoch 34/175

50/50 [==============================] - 0s 155us/step - loss: 177670432.0000
Epoch 35/175

50/50 [==============================] - 0s 157us/step - loss: 175436224.0000
Epoch 36/175

50/50 [==============================] - 0s 157us/step - loss: 172786816.0000
Epoch 37/175

50/50 [==============================] - 0s 101us/step - loss: 169500192.0000
Epoch 38/175

50/50 [==============================] - 0s 127us/step - loss: 167111392.0000
Epoch 39/175

50/50 [==============================] - 0s 112us/step - loss: 164267792.0000
Epoch 40/175

50/50 [==============================] - 0s 79us/step - loss: 161249984.0000
Epoch 41/175

50/50 [==============================] - 0s 129us/step - loss: 158355184.0000
Epoch 42/175

50/50 [==============================] - 0s 105us/step - loss: 155628912.0000
Epoch 43/175

50/50 [==============================] - 0s 140us/step - loss: 152421904.0000
Epoch 44/175

50/50 [==============================] - 0s 183us/step - loss: 149372688.0000
Epoch 45/175

50/50 [==============================] - 0s 72us/step - loss: 146032080.0000
Epoch 46/175

50/50 [==============================] - 0s 71us/step - loss: 142567440.0000
Epoch 47/175

50/50 [==============================] - 0s 73us/step - loss: 138564672.0000
Epoch 48/175

50/50 [==============================] - 0s 70us/step - loss: 136069344.0000
Epoch 49/175

50/50 [==============================] - 0s 74us/step - loss: 132743784.0000
Epoch 50/175

50/50 [==============================] - 0s 75us/step - loss: 128456544.0000
Epoch 51/175

50/50 [==============================] - 0s 72us/step - loss: 125106424.0000
Epoch 52/175

50/50 [==============================] - 0s 68us/step - loss: 122616416.0000
Epoch 53/175

50/50 [==============================] - 0s 70us/step - loss: 118416056.0000
Epoch 54/175

50/50 [==============================] - 0s 67us/step - loss: 114990600.0000
Epoch 55/175

50/50 [==============================] - 0s 70us/step - loss: 110518736.0000
Epoch 56/175

50/50 [==============================] - 0s 70us/step - loss: 107032872.0000
Epoch 57/175

50/50 [==============================] - 0s 72us/step - loss: 103210704.0000
Epoch 58/175

50/50 [==============================] - 0s 79us/step - loss: 99776368.0000
Epoch 59/175

50/50 [==============================] - 0s 72us/step - loss: 97203128.0000
Epoch 60/175

50/50 [==============================] - 0s 70us/step - loss: 92834376.0000
Epoch 61/175

50/50 [==============================] - 0s 75us/step - loss: 88401288.0000
Epoch 62/175

50/50 [==============================] - 0s 66us/step - loss: 85362696.0000
Epoch 63/175

50/50 [==============================] - 0s 68us/step - loss: 81438016.0000
Epoch 64/175

50/50 [==============================] - 0s 66us/step - loss: 78313520.0000
Epoch 65/175

50/50 [==============================] - 0s 65us/step - loss: 75808288.0000
Epoch 66/175

50/50 [==============================] - 0s 159us/step - loss: 71145216.0000
Epoch 67/175

50/50 [==============================] - 0s 157us/step - loss: 67584640.0000
Epoch 68/175

50/50 [==============================] - 0s 134us/step - loss: 64511508.0000
Epoch 69/175

50/50 [==============================] - 0s 153us/step - loss: 61670272.0000
Epoch 70/175

50/50 [==============================] - 0s 148us/step - loss: 57626948.0000
Epoch 71/175

50/50 [==============================] - 0s 85us/step - loss: 56013520.0000
Epoch 72/175

50/50 [==============================] - 0s 70us/step - loss: 52176652.0000
Epoch 73/175

50/50 [==============================] - 0s 97us/step - loss: 48714400.0000
Epoch 74/175

50/50 [==============================] - 0s 113us/step - loss: 45618392.0000
Epoch 75/175

50/50 [==============================] - 0s 68us/step - loss: 43685136.0000
Epoch 76/175

50/50 [==============================] - 0s 73us/step - loss: 41356812.0000
Epoch 77/175

50/50 [==============================] - 0s 78us/step - loss: 39274316.0000
Epoch 78/175

50/50 [==============================] - 0s 69us/step - loss: 36551128.0000
Epoch 79/175

50/50 [==============================] - 0s 74us/step - loss: 35130840.0000
Epoch 80/175

50/50 [==============================] - 0s 70us/step - loss: 33006462.0000
Epoch 81/175

50/50 [==============================] - 0s 69us/step - loss: 32248770.0000
Epoch 82/175

50/50 [==============================] - 0s 71us/step - loss: 28910236.0000
Epoch 83/175

50/50 [==============================] - 0s 67us/step - loss: 27456850.0000
Epoch 84/175

50/50 [==============================] - 0s 81us/step - loss: 26487078.0000
Epoch 85/175

50/50 [==============================] - 0s 70us/step - loss: 26680000.0000
Epoch 86/175

50/50 [==============================] - 0s 67us/step - loss: 24293058.0000
Epoch 87/175

50/50 [==============================] - 0s 70us/step - loss: 23203180.0000
Epoch 88/175

50/50 [==============================] - 0s 75us/step - loss: 22944402.0000
Epoch 89/175

50/50 [==============================] - 0s 73us/step - loss: 21477788.0000
Epoch 90/175

50/50 [==============================] - 0s 68us/step - loss: 20051610.0000
Epoch 91/175

50/50 [==============================] - 0s 69us/step - loss: 19994914.0000
Epoch 92/175

50/50 [==============================] - 0s 79us/step - loss: 20083482.0000
Epoch 93/175

50/50 [==============================] - 0s 68us/step - loss: 19720126.0000
Epoch 94/175

50/50 [==============================] - 0s 73us/step - loss: 19124826.0000
Epoch 95/175

50/50 [==============================] - 0s 74us/step - loss: 20150696.0000
Epoch 96/175

50/50 [==============================] - 0s 69us/step - loss: 19026824.0000
Epoch 97/175

50/50 [==============================] - 0s 73us/step - loss: 19345220.0000
Epoch 98/175

50/50 [==============================] - 0s 68us/step - loss: 19446944.0000
Epoch 99/175

50/50 [==============================] - 0s 71us/step - loss: 18480616.0000
Epoch 100/175

50/50 [==============================] - 0s 71us/step - loss: 18415834.0000
Epoch 101/175

50/50 [==============================] - 0s 69us/step - loss: 18832606.0000
Epoch 102/175

50/50 [==============================] - 0s 73us/step - loss: 18533002.0000
Epoch 103/175

50/50 [==============================] - 0s 69us/step - loss: 18777516.0000
Epoch 104/175

50/50 [==============================] - 0s 75us/step - loss: 19109126.0000
Epoch 105/175

50/50 [==============================] - 0s 71us/step - loss: 17728294.0000
Epoch 106/175

50/50 [==============================] - 0s 69us/step - loss: 17579092.0000
Epoch 107/175

50/50 [==============================] - 0s 66us/step - loss: 17451274.0000
Epoch 108/175

50/50 [==============================] - 0s 72us/step - loss: 18417230.0000
Epoch 109/175

50/50 [==============================] - 0s 70us/step - loss: 18252478.0000
Epoch 110/175

50/50 [==============================] - 0s 67us/step - loss: 18391038.0000
Epoch 111/175

50/50 [==============================] - 0s 204us/step - loss: 18942808.0000
Epoch 112/175

50/50 [==============================] - 0s 476us/step - loss: 16949486.0000
Epoch 113/175

50/50 [==============================] - 0s 369us/step - loss: 17594048.0000
Epoch 114/175

50/50 [==============================] - 0s 167us/step - loss: 17552522.0000
Epoch 115/175

50/50 [==============================] - 0s 224us/step - loss: 17441868.0000
Epoch 116/175

50/50 [==============================] - 0s 110us/step - loss: 17100262.0000
Epoch 117/175

50/50 [==============================] - 0s 79us/step - loss: 17344400.0000
Epoch 118/175

50/50 [==============================] - 0s 77us/step - loss: 16694271.0000
Epoch 119/175

50/50 [==============================] - 0s 72us/step - loss: 16826678.0000
Epoch 120/175

50/50 [==============================] - 0s 71us/step - loss: 17207930.0000
Epoch 121/175

50/50 [==============================] - 0s 80us/step - loss: 17047188.0000
Epoch 122/175

50/50 [==============================] - 0s 67us/step - loss: 17649080.0000
Epoch 123/175

50/50 [==============================] - 0s 77us/step - loss: 17897524.0000
Epoch 124/175

50/50 [==============================] - 0s 74us/step - loss: 17034160.0000
Epoch 125/175

50/50 [==============================] - 0s 72us/step - loss: 17598214.0000
Epoch 126/175

50/50 [==============================] - 0s 68us/step - loss: 17417022.0000
Epoch 127/175

50/50 [==============================] - 0s 76us/step - loss: 17311216.0000
Epoch 128/175

50/50 [==============================] - 0s 73us/step - loss: 16646744.0000
Epoch 129/175

50/50 [==============================] - 0s 71us/step - loss: 16275365.0000
Epoch 130/175

50/50 [==============================] - 0s 68us/step - loss: 16665134.0000
Epoch 131/175

50/50 [==============================] - 0s 71us/step - loss: 16918840.0000
Epoch 132/175

50/50 [==============================] - 0s 69us/step - loss: 16740667.0000
Epoch 133/175

50/50 [==============================] - 0s 71us/step - loss: 16033290.0000
Epoch 134/175

50/50 [==============================] - 0s 74us/step - loss: 17274544.0000
Epoch 135/175

50/50 [==============================] - 0s 69us/step - loss: 16292819.0000
Epoch 136/175

50/50 [==============================] - 0s 74us/step - loss: 16015231.0000
Epoch 137/175

50/50 [==============================] - 0s 76us/step - loss: 15851903.0000
Epoch 138/175

50/50 [==============================] - 0s 91us/step - loss: 16663982.0000
Epoch 139/175

50/50 [==============================] - 0s 72us/step - loss: 15904581.0000
Epoch 140/175

50/50 [==============================] - 0s 69us/step - loss: 16299229.0000
Epoch 141/175

50/50 [==============================] - 0s 71us/step - loss: 14977733.0000
Epoch 142/175

50/50 [==============================] - 0s 75us/step - loss: 15754368.0000
Epoch 143/175

50/50 [==============================] - 0s 71us/step - loss: 16054095.0000
Epoch 144/175

50/50 [==============================] - 0s 70us/step - loss: 16119583.0000
Epoch 145/175

50/50 [==============================] - 0s 75us/step - loss: 15807261.0000
Epoch 146/175

50/50 [==============================] - 0s 73us/step - loss: 15679939.0000
Epoch 147/175

50/50 [==============================] - 0s 71us/step - loss: 15285907.0000
Epoch 148/175

50/50 [==============================] - 0s 72us/step - loss: 13939886.0000
Epoch 149/175

50/50 [==============================] - 0s 73us/step - loss: 16122409.0000
Epoch 150/175

50/50 [==============================] - 0s 71us/step - loss: 14634634.0000
Epoch 151/175

50/50 [==============================] - 0s 168us/step - loss: 15817833.0000
Epoch 152/175

50/50 [==============================] - 0s 159us/step - loss: 15813916.0000
Epoch 153/175

50/50 [==============================] - 0s 74us/step - loss: 14799485.0000
Epoch 154/175

50/50 [==============================] - 0s 72us/step - loss: 14543523.0000
Epoch 155/175

50/50 [==============================] - 0s 72us/step - loss: 14392302.0000
Epoch 156/175

50/50 [==============================] - 0s 72us/step - loss: 15238501.0000
Epoch 157/175

50/50 [==============================] - 0s 73us/step - loss: 14521829.0000
Epoch 158/175

50/50 [==============================] - 0s 69us/step - loss: 15718866.0000
Epoch 159/175

50/50 [==============================] - 0s 73us/step - loss: 15002734.0000
Epoch 160/175

50/50 [==============================] - 0s 78us/step - loss: 14057307.0000
Epoch 161/175

50/50 [==============================] - 0s 72us/step - loss: 14632951.0000
Epoch 162/175

50/50 [==============================] - 0s 78us/step - loss: 14363740.0000
Epoch 163/175

50/50 [==============================] - 0s 73us/step - loss: 14426278.0000
Epoch 164/175

50/50 [==============================] - 0s 72us/step - loss: 13992978.0000
Epoch 165/175

50/50 [==============================] - 0s 73us/step - loss: 14712147.0000
Epoch 166/175

50/50 [==============================] - 0s 82us/step - loss: 14639578.0000
Epoch 167/175

50/50 [==============================] - 0s 67us/step - loss: 13326405.0000
Epoch 168/175

50/50 [==============================] - 0s 67us/step - loss: 13686459.0000
Epoch 169/175

50/50 [==============================] - 0s 66us/step - loss: 13722637.0000
Epoch 170/175

50/50 [==============================] - 0s 60us/step - loss: 13563683.0000
Epoch 171/175

50/50 [==============================] - 0s 72us/step - loss: 14011505.0000
Epoch 172/175

50/50 [==============================] - 0s 69us/step - loss: 14061815.0000
Epoch 173/175

50/50 [==============================] - 0s 74us/step - loss: 13854730.0000
Epoch 174/175

50/50 [==============================] - 0s 67us/step - loss: 14012302.0000
Epoch 175/175

50/50 [==============================] - 0s 73us/step - loss: 13608692.0000
Epoch 1/175

50/50 [==============================] - 0s 3ms/step - loss: 214624832.0000
Epoch 2/175

50/50 [==============================] - 0s 151us/step - loss: 214577888.0000
Epoch 3/175

50/50 [==============================] - 0s 133us/step - loss: 214460688.0000
Epoch 4/175

50/50 [==============================] - 0s 167us/step - loss: 214280176.0000
Epoch 5/175

50/50 [==============================] - 0s 147us/step - loss: 214013680.0000
Epoch 6/175

50/50 [==============================] - 0s 113us/step - loss: 213627552.0000
Epoch 7/175

50/50 [==============================] - 0s 114us/step - loss: 213120928.0000
Epoch 8/175

50/50 [==============================] - 0s 109us/step - loss: 212456544.0000
Epoch 9/175

50/50 [==============================] - 0s 115us/step - loss: 211673744.0000
Epoch 10/175

50/50 [==============================] - 0s 108us/step - loss: 210690512.0000
Epoch 11/175

50/50 [==============================] - 0s 108us/step - loss: 209559360.0000
Epoch 12/175

50/50 [==============================] - 0s 231us/step - loss: 208276336.0000
Epoch 13/175

50/50 [==============================] - 0s 283us/step - loss: 206833712.0000
Epoch 14/175

50/50 [==============================] - 0s 153us/step - loss: 205268240.0000
Epoch 15/175

50/50 [==============================] - 0s 114us/step - loss: 203510048.0000
Epoch 16/175

50/50 [==============================] - 0s 122us/step - loss: 201639504.0000
Epoch 17/175

50/50 [==============================] - 0s 116us/step - loss: 199365440.0000
Epoch 18/175

50/50 [==============================] - 0s 122us/step - loss: 197141488.0000
Epoch 19/175

50/50 [==============================] - 0s 111us/step - loss: 194508992.0000
Epoch 20/175

50/50 [==============================] - 0s 113us/step - loss: 191931632.0000
Epoch 21/175

50/50 [==============================] - 0s 116us/step - loss: 189204432.0000
Epoch 22/175

50/50 [==============================] - 0s 113us/step - loss: 186290896.0000
Epoch 23/175

50/50 [==============================] - 0s 123us/step - loss: 182843456.0000
Epoch 24/175

50/50 [==============================] - 0s 112us/step - loss: 179286016.0000
Epoch 25/175

50/50 [==============================] - 0s 112us/step - loss: 175866864.0000
Epoch 26/175

50/50 [==============================] - 0s 106us/step - loss: 172418640.0000
Epoch 27/175

50/50 [==============================] - 0s 112us/step - loss: 168509344.0000
Epoch 28/175

50/50 [==============================] - 0s 121us/step - loss: 164265920.0000
Epoch 29/175

50/50 [==============================] - 0s 129us/step - loss: 160317936.0000
Epoch 30/175

50/50 [==============================] - 0s 116us/step - loss: 156024960.0000
Epoch 31/175

50/50 [==============================] - 0s 114us/step - loss: 151179056.0000
Epoch 32/175

50/50 [==============================] - 0s 124us/step - loss: 146663440.0000
Epoch 33/175

50/50 [==============================] - 0s 122us/step - loss: 141607536.0000
Epoch 34/175

50/50 [==============================] - 0s 115us/step - loss: 137339888.0000
Epoch 35/175

50/50 [==============================] - 0s 114us/step - loss: 133175808.0000
Epoch 36/175

50/50 [==============================] - 0s 105us/step - loss: 127034488.0000
Epoch 37/175

50/50 [==============================] - 0s 105us/step - loss: 121732432.0000
Epoch 38/175

50/50 [==============================] - 0s 139us/step - loss: 116341128.0000
Epoch 39/175

50/50 [==============================] - 0s 124us/step - loss: 112007248.0000
Epoch 40/175

50/50 [==============================] - 0s 119us/step - loss: 107228488.0000
Using TensorFlow backend.
/usr/local/lib/python3.7/site-packages/sklearn/utils/validation.py:760: DataConversionWarning: A column-vector y was passed when a 1d array was expected. Please change the shape of y to (n_samples, ), for example using ravel().
  y = column_or_1d(y, warn=True)
main_test9.py:99: DataConversionWarning: A column-vector y was passed when a 1d array was expected. Please change the shape of y to (n_samples,), for example using ravel().
  rf.fit(X_train, y_train)
Traceback (most recent call last):
  File "main_test9.py", line 247, in <module>
    mains(t)
  File "main_test9.py", line 152, in mains
    normal_AE.fit(X_train, y_train, epochs=NUM_BPEPOCH, batch_size=BATH_SIZE)
  File "/usr/local/lib/python3.7/site-packages/keras/engine/training.py", line 1239, in fit
    validation_freq=validation_freq)
  File "/usr/local/lib/python3.7/site-packages/keras/engine/training_arrays.py", line 145, in fit_loop
    model.reset_metrics()
  File "/usr/local/lib/python3.7/site-packages/keras/engine/training.py", line 278, in reset_metrics
    metrics = self._get_training_eval_metrics()
  File "/usr/local/lib/python3.7/site-packages/keras/engine/training.py", line 725, in _get_training_eval_metrics
    if hasattr(self, 'metrics'):
  File "/usr/local/lib/python3.7/site-packages/keras/engine/training.py", line 251, in metrics
    metrics.extend(_get_metrics_from_layers(self._layers))
  File "/usr/local/lib/python3.7/site-packages/keras/engine/training.py", line 1861, in _get_metrics_from_layers
    if isinstance(layer, Model):
KeyboardInterrupt
