05/04/2020 08:35:40 X_Train: [[7.07106781e+00 5.00000000e+01 1.00000000e+01]
 [1.41421356e+00 2.00000000e+00 2.00000000e+00]
 [2.82842712e-01 8.00000000e-02 3.80422606e-01]
 [5.65685425e-02 3.20000000e-03 8.00000000e-02]]
05/04/2020 08:35:40 Y_Train: [ 1.  5. 10. 15.]
05/04/2020 08:35:40 X_test: [[1.41421356 2.         2.        ]
 [0.28284271 0.08       0.38042261]]
05/04/2020 08:35:40 conducting exp.
05/04/2020 08:35:40  1.000000  linear predicted result: [ 5.10027921 10.09944167]
05/04/2020 08:35:40 conducting exp.
05/04/2020 08:35:40  2.000000  linear predicted result: [ 5.10027921 10.09944167]
05/04/2020 08:35:40 conducting exp.
05/04/2020 08:35:40  3.000000  linear predicted result: [ 5.10027921 10.09944167]
05/04/2020 08:35:40 conducting exp.
05/04/2020 08:35:40  4.000000  linear predicted result: [ 5.10027921 10.09944167]
05/04/2020 08:35:40 conducting exp.
05/04/2020 08:35:40  5.000000  linear predicted result: [ 5.10027921 10.09944167]
05/04/2020 08:35:40  r fores  predict  result: [ 6.5 10.6]
05/04/2020 08:35:40  r fores  predict  result: [ 6.8 10.8]
05/04/2020 08:35:40  r fores  predict  result: [ 7.02 10.82]
05/04/2020 08:35:40  r fores  predict  result: [ 7.5 10.9]
05/04/2020 08:35:40  r fores  predict  result: [ 6.42 10.12]
05/04/2020 08:35:41  neu  predict  result: [[ 4.782461]
 [12.884735]]
05/04/2020 08:35:42  neu  predict  result: [[ 7.6945276]
 [13.099655 ]]
05/04/2020 08:35:43  neu  predict  result: [[ 5.350297]
 [12.619574]]
05/04/2020 08:35:43  neu  predict  result: [[ 3.032325]
 [12.372339]]
05/04/2020 08:35:44  neu  predict  result: [[ 4.5264506]
 [12.36249  ]]
05/04/2020 08:35:46  ae  predict  result: [[ 2.4518874]
 [12.414127 ]]
05/04/2020 08:35:48  ae  predict  result: [[ 0.5768052]
 [11.793436 ]]
05/04/2020 08:35:49  ae  predict  result: [[ 3.5586758]
 [12.932722 ]]
05/04/2020 08:35:51  ae  predict  result: [[ 4.764348]
 [13.074985]]
05/04/2020 08:35:52  ae  predict  result: [[ 4.8201284]
 [13.039482 ]]
05/04/2020 08:35:54  denoiseae  predict  result: [[ 8.003525]
 [13.889049]]
05/04/2020 08:35:56  denoiseae  predict  result: [[ 4.79411]
 [12.59896]]
05/04/2020 08:35:57  denoiseae  predict  result: [[ 4.579094]
 [12.968639]]
05/04/2020 08:35:59  denoiseae  predict  result: [[ 2.7991757]
 [11.707529 ]]
05/04/2020 08:36:01  denoiseae  predict  result: [[ 5.657845]
 [12.864871]]
05/04/2020 08:36:01   dbn predict  result: [[0.43532494]
 [0.43532847]]
05/04/2020 08:36:02   dbn predict  result: [[0.6641348 ]
 [0.66176003]]
05/04/2020 08:36:02   dbn predict  result: [[0.57312895]
 [0.57149635]]
05/04/2020 08:36:03   dbn predict  result: [[0.44178173]
 [0.43963612]]
05/04/2020 08:36:03   dbn predict  result: [[0.47696359]
 [0.47608638]]
05/04/2020 08:36:04 X_Train: [[7.07106781e+00 5.00000000e+01 1.00000000e+01]
 [1.41421356e+00 2.00000000e+00 2.00000000e+00]
 [2.82842712e-01 8.00000000e-02 3.80422606e-01]
 [5.65685425e-02 3.20000000e-03 8.00000000e-02]]
05/04/2020 08:36:04 Y_Train: [ 1.  5. 10. 15.]
05/04/2020 08:36:04 X_test: [[2.12132034 4.5        3.        ]
 [0.88388348 0.78125    1.24753341]]
05/04/2020 08:36:04 conducting exp.
05/04/2020 08:36:04  1.000000  linear predicted result: [2.70202426 7.25634227]
05/04/2020 08:36:04 conducting exp.
05/04/2020 08:36:04  2.000000  linear predicted result: [2.70202426 7.25634227]
05/04/2020 08:36:04 conducting exp.
05/04/2020 08:36:04  3.000000  linear predicted result: [2.70202426 7.25634227]
05/04/2020 08:36:04 conducting exp.
05/04/2020 08:36:04  4.000000  linear predicted result: [2.70202426 7.25634227]
05/04/2020 08:36:04 conducting exp.
05/04/2020 08:36:04  5.000000  linear predicted result: [2.70202426 7.25634227]
05/04/2020 08:36:04  r fores  predict  result: [6.8 8. ]
05/04/2020 08:36:04  r fores  predict  result: [6.7 8.4]
05/04/2020 08:36:04  r fores  predict  result: [6.4 8.1]
05/04/2020 08:36:04  r fores  predict  result: [7.1 8. ]
05/04/2020 08:36:04  r fores  predict  result: [6.8 7.8]
05/04/2020 08:36:05  neu  predict  result: [[-0.3903525]
 [11.265226 ]]
05/04/2020 08:36:06  neu  predict  result: [[-2.1710331]
 [12.236848 ]]
05/04/2020 08:36:07  neu  predict  result: [[-3.177008]
 [10.309038]]
05/04/2020 08:36:08  neu  predict  result: [[-5.072709]
 [ 9.72562 ]]
05/04/2020 08:36:10  neu  predict  result: [[-1.7750623]
 [10.804084 ]]
05/04/2020 08:36:11  ae  predict  result: [[-3.7922087]
 [11.863017 ]]
05/04/2020 08:36:13  ae  predict  result: [[-8.366821]
 [10.737722]]
05/04/2020 08:36:15  ae  predict  result: [[-4.079158]
 [11.63343 ]]
05/04/2020 08:36:17  ae  predict  result: [[-2.4012775]
 [13.371456 ]]
05/04/2020 08:36:19  ae  predict  result: [[-5.0566916]
 [11.363337 ]]
05/04/2020 08:36:21  denoiseae  predict  result: [[-5.825871]
 [11.281628]]
05/04/2020 08:36:23  denoiseae  predict  result: [[-0.28443506]
 [12.611655  ]]
05/04/2020 08:36:25  denoiseae  predict  result: [[-1.7253741]
 [11.889027 ]]
05/04/2020 08:36:27  denoiseae  predict  result: [[-6.6713166]
 [10.558367 ]]
05/04/2020 08:36:29  denoiseae  predict  result: [[-3.692269]
 [10.601441]]
05/04/2020 08:36:29   dbn predict  result: [[0.4879269 ]
 [0.48757777]]
05/04/2020 08:36:30   dbn predict  result: [[0.55719516]
 [0.55568695]]
05/04/2020 08:36:31   dbn predict  result: [[0.59588954]
 [0.59274461]]
05/04/2020 08:36:31   dbn predict  result: [[0.53111054]
 [0.5286461 ]]
05/04/2020 08:36:32   dbn predict  result: [[0.65115612]
 [0.65017535]]
