20/02/2020 20:08:14 conducting exp.
20/02/2020 20:08:42 conducting exp.
20/02/2020 20:08:42    linear svr result: 248.874136_13.735667
20/02/2020 20:08:42    rbf svr result: 350.245121_15.428309
20/02/2020 20:08:43    randomforest  result: 291.511308_14.417982
20/02/2020 20:08:49    neural network result: 186.777439_11.594892
20/02/2020 20:08:55    normal ae result: 256.030550_14.013456
20/02/2020 20:09:02    denoise ae result: 118.370087_8.048491
20/02/2020 20:09:27    dbn result: 1558.053260_35.483289
20/02/2020 20:10:46    bi-lstm result: 139.193657_8.940666
20/02/2020 20:11:26    lstm result: 160.414586_9.034579
20/02/2020 20:11:49    cnn result: 321.899254_15.370290
20/02/2020 20:11:49 conducting exp.
20/02/2020 20:11:49    linear svr result: 248.874136_13.735667
20/02/2020 20:11:49    rbf svr result: 350.245121_15.428309
20/02/2020 20:11:50    randomforest  result: 281.760668_14.178781
20/02/2020 20:11:56    neural network result: 324.799238_16.266189
20/02/2020 20:12:03    normal ae result: 173.981438_10.754742
20/02/2020 20:12:10    denoise ae result: 196.840018_11.686032
20/02/2020 20:12:34    dbn result: 1558.737882_35.493083
20/02/2020 20:13:42    bi-lstm result: 184.658702_10.942733
20/02/2020 20:14:17    lstm result: 165.379506_10.002768
20/02/2020 20:14:37    cnn result: 266.967879_12.123297
20/02/2020 20:14:37 conducting exp.
20/02/2020 20:14:37    linear svr result: 248.874136_13.735667
20/02/2020 20:14:37    rbf svr result: 350.245121_15.428309
20/02/2020 20:14:38    randomforest  result: 281.075456_14.226051
20/02/2020 20:14:43    neural network result: 160.850805_10.242001
20/02/2020 20:14:51    normal ae result: 167.383004_10.645105
20/02/2020 20:15:00    denoise ae result: 121.271136_8.197403
20/02/2020 20:15:25    dbn result: 1560.766258_35.522057
20/02/2020 20:16:36    bi-lstm result: 224.403189_13.119840
20/02/2020 20:17:17    lstm result: 178.745752_9.773056
20/02/2020 20:17:45    cnn result: 151.320866_9.981528
20/02/2020 20:17:45 conducting exp.
20/02/2020 20:17:45    linear svr result: 248.874136_13.735667
20/02/2020 20:17:45    rbf svr result: 350.245121_15.428309
20/02/2020 20:17:46    randomforest  result: 298.067824_14.525888
20/02/2020 20:17:54    neural network result: 173.768839_10.861074
20/02/2020 20:18:04    normal ae result: 348.831272_16.604028
20/02/2020 20:18:14    denoise ae result: 240.616612_12.452272
20/02/2020 20:18:40    dbn result: 1557.447658_35.474619
20/02/2020 20:19:51    bi-lstm result: 180.887719_10.477950
20/02/2020 20:20:33    lstm result: 393.625037_16.467500
20/02/2020 20:20:58    cnn result: 155.339570_9.484108
20/02/2020 20:20:58 conducting exp.
20/02/2020 20:20:58    linear svr result: 248.874136_13.735667
20/02/2020 20:20:58    rbf svr result: 350.245121_15.428309
20/02/2020 20:20:59    randomforest  result: 292.448928_14.457765
20/02/2020 20:21:06    neural network result: 216.700382_12.514752
20/02/2020 20:21:14    normal ae result: 147.073444_9.804274
20/02/2020 20:21:22    denoise ae result: 193.510386_11.652699
20/02/2020 20:21:48    dbn result: 1561.766895_35.536326
20/02/2020 20:23:07    bi-lstm result: 144.188157_8.470850
20/02/2020 20:23:52    lstm result: 210.899405_11.988670
20/02/2020 20:24:19    cnn result: 172.633441_10.767000
20/02/2020 21:39:01 conducting exp.
20/02/2020 21:39:29 conducting exp.
01/03/2020 21:15:18 conducting exp.
01/03/2020 21:15:18    linear svr result: 248.874136_13.735667
01/03/2020 21:15:18    rbf svr result: 350.245121_15.428309
01/03/2020 21:15:20    randomforest  result: 291.511308_14.417982
01/03/2020 21:15:27    neural network result: 186.777439_11.594892
01/03/2020 21:15:38    normal ae result: 256.030550_14.013456
01/03/2020 21:15:48    denoise ae result: 118.370087_8.048491
01/03/2020 21:16:21    dbn result: 1558.053260_35.483289
01/03/2020 21:18:26    bi-lstm result: 139.193657_8.940666
01/03/2020 21:19:35    lstm result: 160.414586_9.034579
01/03/2020 21:20:12    cnn result: 321.899254_15.370290
01/03/2020 21:20:12 conducting exp.
01/03/2020 21:20:12    linear svr result: 248.874136_13.735667
01/03/2020 21:20:12    rbf svr result: 350.245121_15.428309
01/03/2020 21:20:14    randomforest  result: 281.760668_14.178781
01/03/2020 21:20:24    neural network result: 324.799238_16.266189
01/03/2020 21:20:36    normal ae result: 173.981438_10.754742
01/03/2020 21:20:50    denoise ae result: 196.840018_11.686032
01/03/2020 21:21:16    dbn result: 1558.737882_35.493083
01/03/2020 21:23:10    bi-lstm result: 184.658702_10.942733
01/03/2020 21:24:19    lstm result: 165.379506_10.002768
01/03/2020 21:24:52    cnn result: 266.967879_12.123297
01/03/2020 21:24:52 conducting exp.
01/03/2020 21:24:52    linear svr result: 248.874136_13.735667
01/03/2020 21:24:52    rbf svr result: 350.245121_15.428309
01/03/2020 21:24:54    randomforest  result: 281.075456_14.226051
01/03/2020 21:25:05    neural network result: 160.850805_10.242001
01/03/2020 21:25:21    normal ae result: 167.383004_10.645105
01/03/2020 21:25:33    denoise ae result: 121.271136_8.197403
01/03/2020 21:26:03    dbn result: 1560.766258_35.522057
01/03/2020 21:28:11    bi-lstm result: 224.403189_13.119840
01/03/2020 21:29:16    lstm result: 178.745752_9.773056
01/03/2020 21:30:08    cnn result: 151.320866_9.981528
01/03/2020 21:30:08 conducting exp.
01/03/2020 21:30:08    linear svr result: 248.874136_13.735667
01/03/2020 21:30:08    rbf svr result: 350.245121_15.428309
01/03/2020 21:30:11    randomforest  result: 298.067824_14.525888
01/03/2020 21:30:26    neural network result: 173.768839_10.861074
01/03/2020 21:30:47    normal ae result: 348.831272_16.604028
01/03/2020 21:31:05    denoise ae result: 240.616612_12.452272
01/03/2020 21:31:39    dbn result: 1557.447658_35.474619
01/03/2020 21:33:46    bi-lstm result: 180.887719_10.477950
01/03/2020 21:34:54    lstm result: 393.625037_16.467500
01/03/2020 21:35:28    cnn result: 155.339570_9.484108
01/03/2020 21:35:28 conducting exp.
01/03/2020 21:35:29    linear svr result: 248.874136_13.735667
01/03/2020 21:35:29    rbf svr result: 350.245121_15.428309
01/03/2020 21:35:31    randomforest  result: 292.448928_14.457765
14/03/2020 19:51:18 conducting exp.
14/03/2020 19:51:18    linear svr result: 248.874136_13.735667
14/03/2020 19:51:18    rbf svr result: 350.245121_15.428309
14/03/2020 19:51:20    randomforest  result: 291.511308_14.417982
